2025-12-14 17:56:15,498 INFO o.a.j.u.JMeterUtils: Setting Locale to en_EN
2025-12-14 17:56:15,517 INFO o.a.j.JMeter: Loading user properties from: C:\apache-jmeter-5.6.3\apache-jmeter-5.6.3\bin\user.properties
2025-12-14 17:56:15,518 INFO o.a.j.JMeter: Loading system properties from: C:\apache-jmeter-5.6.3\apache-jmeter-5.6.3\bin\system.properties
2025-12-14 17:56:15,528 INFO o.a.j.JMeter: Copyright (c) 1998-2024 The Apache Software Foundation
2025-12-14 17:56:15,530 INFO o.a.j.JMeter: Version 5.6.3
2025-12-14 17:56:15,530 INFO o.a.j.JMeter: java.version=1.8.0_471
2025-12-14 17:56:15,530 INFO o.a.j.JMeter: java.vm.name=Java HotSpot(TM) 64-Bit Server VM
2025-12-14 17:56:15,530 INFO o.a.j.JMeter: os.name=Windows 11
2025-12-14 17:56:15,537 INFO o.a.j.JMeter: os.arch=amd64
2025-12-14 17:56:15,537 INFO o.a.j.JMeter: os.version=10.0
2025-12-14 17:56:15,537 INFO o.a.j.JMeter: file.encoding=Cp1251
2025-12-14 17:56:15,537 INFO o.a.j.JMeter: java.awt.headless=true
2025-12-14 17:56:15,537 INFO o.a.j.JMeter: Max memory     =1073741824
2025-12-14 17:56:15,537 INFO o.a.j.JMeter: Available Processors =12
2025-12-14 17:56:15,544 INFO o.a.j.JMeter: Default Locale=English (EN)
2025-12-14 17:56:15,545 INFO o.a.j.JMeter: JMeter  Locale=English (EN)
2025-12-14 17:56:15,545 INFO o.a.j.JMeter: JMeterHome=C:\apache-jmeter-5.6.3\apache-jmeter-5.6.3
2025-12-14 17:56:15,545 INFO o.a.j.JMeter: user.dir  =C:\Users\Max\Pumaproject
2025-12-14 17:56:15,545 INFO o.a.j.JMeter: PWD       =C:\Users\Max\Pumaproject
2025-12-14 17:56:15,555 INFO o.a.j.JMeter: IP: 192.168.1.72 Name: DESKTOP-6UU7RB0 FullName: DESKTOP-6UU7RB0
2025-12-14 17:56:15,583 INFO o.a.j.JMeter: Setting property 'jmeter.reportgenerator.outputdir' to:'C:\Users\Max\Pumaproject\.\report'
2025-12-14 17:56:15,586 INFO o.a.j.s.FileServer: Default base='C:\Users\Max\Pumaproject'
2025-12-14 17:56:15,589 INFO o.a.j.s.FileServer: Set new base='C:\Users\Max\Pumaproject'
2025-12-14 17:56:15,791 INFO o.a.j.s.SaveService: Testplan (JMX) version: 2.2. Testlog (JTL) version: 2.2
2025-12-14 17:56:15,844 INFO o.a.j.s.SaveService: Using SaveService properties file encoding UTF-8
2025-12-14 17:56:15,852 INFO o.a.j.s.SaveService: Using SaveService properties version 5.0
2025-12-14 17:56:15,862 INFO o.a.j.s.SaveService: Loading file: load_test.jmx
2025-12-14 17:56:15,952 INFO o.a.j.p.h.s.HTTPSamplerBase: Parser for text/html is org.apache.jmeter.protocol.http.parser.LagartoBasedHtmlParser
2025-12-14 17:56:15,952 INFO o.a.j.p.h.s.HTTPSamplerBase: Parser for application/xhtml+xml is org.apache.jmeter.protocol.http.parser.LagartoBasedHtmlParser
2025-12-14 17:56:15,952 INFO o.a.j.p.h.s.HTTPSamplerBase: Parser for application/xml is org.apache.jmeter.protocol.http.parser.LagartoBasedHtmlParser
2025-12-14 17:56:15,952 INFO o.a.j.p.h.s.HTTPSamplerBase: Parser for text/xml is org.apache.jmeter.protocol.http.parser.LagartoBasedHtmlParser
2025-12-14 17:56:15,953 INFO o.a.j.p.h.s.HTTPSamplerBase: Parser for text/vnd.wap.wml is org.apache.jmeter.protocol.http.parser.RegexpHTMLParser
2025-12-14 17:56:15,954 INFO o.a.j.p.h.s.HTTPSamplerBase: Parser for text/css is org.apache.jmeter.protocol.http.parser.CssParser
2025-12-14 17:56:16,407 INFO o.a.j.JMeter: Creating summariser <summary>
2025-12-14 17:56:16,414 INFO o.a.j.r.d.ReportGenerator: ReportGenerator will use for Parsing the separator: ','
2025-12-14 17:56:16,414 INFO o.a.j.r.d.ReportGenerator: Will generate report at end of test from  results file: result.jtl
2025-12-14 17:56:16,414 INFO o.a.j.r.d.ReportGenerator: Reading report generator properties from: C:\apache-jmeter-5.6.3\apache-jmeter-5.6.3\bin\reportgenerator.properties
2025-12-14 17:56:16,415 INFO o.a.j.r.d.ReportGenerator: Merging with JMeter properties
2025-12-14 17:56:16,423 INFO o.a.j.r.c.ReportGeneratorConfiguration: Property 'jmeter.reportgenerator.temp_dir' not found, using default value 'temp' instead.
2025-12-14 17:56:16,431 INFO o.a.j.r.c.ReportGeneratorConfiguration: Property 'jmeter.reportgenerator.apdex_per_transaction' not found, using default value 'null' instead.
2025-12-14 17:56:16,431 INFO o.a.j.r.c.ReportGeneratorConfiguration: apdex_per_transaction is empty, not APDEX per transaction customization
2025-12-14 17:56:16,432 INFO o.a.j.r.c.ReportGeneratorConfiguration: Property 'jmeter.reportgenerator.sample_filter' not found, using default value 'null' instead.
2025-12-14 17:56:16,432 INFO o.a.j.r.c.ReportGeneratorConfiguration: Property 'jmeter.reportgenerator.report_title' not found, using default value 'null' instead.
2025-12-14 17:56:16,432 INFO o.a.j.r.c.ReportGeneratorConfiguration: Property 'jmeter.reportgenerator.start_date' not found, using default value 'null' instead.
2025-12-14 17:56:16,432 INFO o.a.j.r.c.ReportGeneratorConfiguration: Property 'jmeter.reportgenerator.end_date' not found, using default value 'null' instead.
2025-12-14 17:56:16,432 INFO o.a.j.r.c.ReportGeneratorConfiguration: Property 'jmeter.reportgenerator.date_format' not found, using default value 'null' instead.
2025-12-14 17:56:16,432 INFO o.a.j.r.c.ReportGeneratorConfiguration: Will use date range start date: null, end date: null
2025-12-14 17:56:16,447 INFO o.a.j.r.c.ReportGeneratorConfiguration: Property 'jmeter.reportgenerator.graph.totalTPS.exclude_controllers' not found, using default value 'false' instead.
2025-12-14 17:56:16,451 INFO o.a.j.r.c.ReportGeneratorConfiguration: Property 'jmeter.reportgenerator.graph.activeThreadsOverTime.exclude_controllers' not found, using default value 'false' instead.
2025-12-14 17:56:16,451 INFO o.a.j.r.c.ReportGeneratorConfiguration: Property 'jmeter.reportgenerator.graph.timeVsThreads.exclude_controllers' not found, using default value 'false' instead.
2025-12-14 17:56:16,451 INFO o.a.j.r.c.ReportGeneratorConfiguration: Property 'jmeter.reportgenerator.graph.responseTimeDistribution.exclude_controllers' not found, using default value 'false' instead.
2025-12-14 17:56:16,451 INFO o.a.j.r.c.ReportGeneratorConfiguration: Property 'jmeter.reportgenerator.graph.transactionsPerSecond.exclude_controllers' not found, using default value 'false' instead.
2025-12-14 17:56:16,451 INFO o.a.j.r.c.ReportGeneratorConfiguration: Property 'jmeter.reportgenerator.graph.responseTimePercentiles.exclude_controllers' not found, using default value 'false' instead.
2025-12-14 17:56:16,452 INFO o.a.j.r.c.ReportGeneratorConfiguration: Property 'jmeter.reportgenerator.graph.responseTimePercentilesOverTime.exclude_controllers' not found, using default value 'false' instead.
2025-12-14 17:56:16,455 INFO o.a.j.r.c.ReportGeneratorConfiguration: Property 'jmeter.reportgenerator.graph.responseTimesOverTime.exclude_controllers' not found, using default value 'false' instead.
2025-12-14 17:56:16,455 INFO o.a.j.r.c.ReportGeneratorConfiguration: Property 'jmeter.reportgenerator.graph.connectTimeOverTime.exclude_controllers' not found, using default value 'false' instead.
2025-12-14 17:56:16,455 INFO o.a.j.r.c.ReportGeneratorConfiguration: Property 'jmeter.reportgenerator.graph.latenciesOverTime.exclude_controllers' not found, using default value 'false' instead.
2025-12-14 17:56:16,457 INFO o.a.j.r.c.ReportGeneratorConfiguration: Property 'jmeter.reportgenerator.exporter.json.filters_only_sample_series' not found, using default value 'true' instead.
2025-12-14 17:56:16,457 INFO o.a.j.r.c.ReportGeneratorConfiguration: Property 'jmeter.reportgenerator.exporter.json.series_filter' not found, using default value '' instead.
2025-12-14 17:56:16,457 INFO o.a.j.r.c.ReportGeneratorConfiguration: Property 'jmeter.reportgenerator.exporter.json.show_controllers_only' not found, using default value 'false' instead.
2025-12-14 17:56:16,459 INFO o.a.j.r.c.ReportGeneratorConfiguration: Property 'jmeter.reportgenerator.exporter.html.filters_only_sample_series' not found, using default value 'true' instead.
2025-12-14 17:56:16,459 INFO o.a.j.r.c.ReportGeneratorConfiguration: Property 'jmeter.reportgenerator.exporter.html.series_filter' not found, using default value '' instead.
2025-12-14 17:56:16,459 INFO o.a.j.r.c.ReportGeneratorConfiguration: Property 'jmeter.reportgenerator.exporter.html.show_controllers_only' not found, using default value 'false' instead.
2025-12-14 17:56:16,483 INFO o.a.j.e.StandardJMeterEngine: Running the test!
2025-12-14 17:56:16,485 INFO o.a.j.s.SampleEvent: List of sample_variables: []
2025-12-14 17:56:16,485 INFO o.a.j.s.SampleEvent: List of sample_variables: []
2025-12-14 17:56:16,494 INFO o.a.j.e.u.CompoundVariable: Note: Function class names must contain the string: '.functions.'
2025-12-14 17:56:16,494 INFO o.a.j.e.u.CompoundVariable: Note: Function class names must not contain the string: '.gui.'
2025-12-14 17:56:16,969 INFO o.a.j.JMeter: Running test (1765727776969)
2025-12-14 17:56:17,040 INFO o.a.j.e.StandardJMeterEngine: Starting ThreadGroup: 1 : Users_10
2025-12-14 17:56:17,041 INFO o.a.j.e.StandardJMeterEngine: Starting 10 threads for group Users_10.
2025-12-14 17:56:17,041 INFO o.a.j.e.StandardJMeterEngine: Thread will continue on error
2025-12-14 17:56:17,041 INFO o.a.j.t.ThreadGroup: Starting thread group... number=1 threads=10 ramp-up=1 delayedStart=false
2025-12-14 17:56:17,058 INFO o.a.j.t.JMeterThread: Thread started: Users_10 1-1
2025-12-14 17:56:17,063 INFO o.a.j.t.ThreadGroup: Started thread group number 1
2025-12-14 17:56:17,063 INFO o.a.j.e.StandardJMeterEngine: Waiting for thread group: Users_10 to finish before starting next group
2025-12-14 17:56:17,107 INFO o.a.j.p.h.s.HTTPHCAbstractImpl: Local host = DESKTOP-6UU7RB0
2025-12-14 17:56:17,120 INFO o.a.j.p.h.s.HTTPHC4Impl: HTTP request retry count = 0
2025-12-14 17:56:17,124 INFO o.a.j.s.SampleResult: Note: Sample TimeStamps are START times
2025-12-14 17:56:17,124 INFO o.a.j.s.SampleResult: sampleresult.default.encoding is set to UTF-8
2025-12-14 17:56:17,124 INFO o.a.j.s.SampleResult: sampleresult.useNanoTime=true
2025-12-14 17:56:17,125 INFO o.a.j.s.SampleResult: sampleresult.nanoThreadSleep=5000
2025-12-14 17:56:17,158 INFO o.a.j.t.JMeterThread: Thread started: Users_10 1-2
2025-12-14 17:56:17,255 INFO o.a.j.t.JMeterThread: Thread started: Users_10 1-3
2025-12-14 17:56:17,302 INFO o.a.j.t.JMeterThread: Thread is done: Users_10 1-3
2025-12-14 17:56:17,302 INFO o.a.j.t.JMeterThread: Thread finished: Users_10 1-3
2025-12-14 17:56:17,304 INFO o.a.j.t.JMeterThread: Thread is done: Users_10 1-2
2025-12-14 17:56:17,304 INFO o.a.j.t.JMeterThread: Thread finished: Users_10 1-2
2025-12-14 17:56:17,306 INFO o.a.j.t.JMeterThread: Thread is done: Users_10 1-1
2025-12-14 17:56:17,306 INFO o.a.j.t.JMeterThread: Thread finished: Users_10 1-1
2025-12-14 17:56:17,354 INFO o.a.j.t.JMeterThread: Thread started: Users_10 1-4
2025-12-14 17:56:17,362 INFO o.a.j.t.JMeterThread: Thread is done: Users_10 1-4
2025-12-14 17:56:17,363 INFO o.a.j.t.JMeterThread: Thread finished: Users_10 1-4
2025-12-14 17:56:17,452 INFO o.a.j.t.JMeterThread: Thread started: Users_10 1-5
2025-12-14 17:56:17,465 INFO o.a.j.t.JMeterThread: Thread is done: Users_10 1-5
2025-12-14 17:56:17,465 INFO o.a.j.t.JMeterThread: Thread finished: Users_10 1-5
2025-12-14 17:56:17,556 INFO o.a.j.t.JMeterThread: Thread started: Users_10 1-6
2025-12-14 17:56:17,567 INFO o.a.j.t.JMeterThread: Thread is done: Users_10 1-6
2025-12-14 17:56:17,567 INFO o.a.j.t.JMeterThread: Thread finished: Users_10 1-6
2025-12-14 17:56:17,662 INFO o.a.j.t.JMeterThread: Thread started: Users_10 1-7
2025-12-14 17:56:17,688 INFO o.a.j.t.JMeterThread: Thread is done: Users_10 1-7
2025-12-14 17:56:17,688 INFO o.a.j.t.JMeterThread: Thread finished: Users_10 1-7
2025-12-14 17:56:17,749 INFO o.a.j.t.JMeterThread: Thread started: Users_10 1-8
2025-12-14 17:56:17,762 INFO o.a.j.t.JMeterThread: Thread is done: Users_10 1-8
2025-12-14 17:56:17,762 INFO o.a.j.t.JMeterThread: Thread finished: Users_10 1-8
2025-12-14 17:56:17,849 INFO o.a.j.t.JMeterThread: Thread started: Users_10 1-9
2025-12-14 17:56:17,884 INFO o.a.j.t.JMeterThread: Thread is done: Users_10 1-9
2025-12-14 17:56:17,885 INFO o.a.j.t.JMeterThread: Thread finished: Users_10 1-9
2025-12-14 17:56:17,949 INFO o.a.j.t.JMeterThread: Thread started: Users_10 1-10
2025-12-14 17:56:17,968 INFO o.a.j.t.JMeterThread: Thread is done: Users_10 1-10
2025-12-14 17:56:17,969 INFO o.a.j.t.JMeterThread: Thread finished: Users_10 1-10
2025-12-14 17:56:17,970 INFO o.a.j.e.StandardJMeterEngine: Starting ThreadGroup: 2 : Users_100
2025-12-14 17:56:17,970 INFO o.a.j.e.StandardJMeterEngine: Starting 100 threads for group Users_100.
2025-12-14 17:56:17,970 INFO o.a.j.e.StandardJMeterEngine: Thread will continue on error
2025-12-14 17:56:17,971 INFO o.a.j.t.ThreadGroup: Starting thread group... number=2 threads=100 ramp-up=5 delayedStart=false
2025-12-14 17:56:17,996 INFO o.a.j.t.JMeterThread: Thread started: Users_100 2-1
2025-12-14 17:56:18,018 INFO o.a.j.t.JMeterThread: Thread is done: Users_100 2-1
2025-12-14 17:56:18,018 INFO o.a.j.t.JMeterThread: Thread finished: Users_100 2-1
2025-12-14 17:56:18,021 INFO o.a.j.t.ThreadGroup: Started thread group number 2
2025-12-14 17:56:18,021 INFO o.a.j.e.StandardJMeterEngine: All thread groups have been started
2025-12-14 17:56:18,044 INFO o.a.j.t.JMeterThread: Thread started: Users_100 2-2
2025-12-14 17:56:18,052 INFO o.a.j.t.JMeterThread: Thread is done: Users_100 2-2
2025-12-14 17:56:18,052 INFO o.a.j.t.JMeterThread: Thread finished: Users_100 2-2
2025-12-14 17:56:18,090 INFO o.a.j.t.JMeterThread: Thread started: Users_100 2-3
2025-12-14 17:56:18,099 INFO o.a.j.t.JMeterThread: Thread is done: Users_100 2-3
2025-12-14 17:56:18,100 INFO o.a.j.t.JMeterThread: Thread finished: Users_100 2-3
2025-12-14 17:56:18,140 INFO o.a.j.t.JMeterThread: Thread started: Users_100 2-4
2025-12-14 17:56:18,149 INFO o.a.j.t.JMeterThread: Thread is done: Users_100 2-4
2025-12-14 17:56:18,149 INFO o.a.j.t.JMeterThread: Thread finished: Users_100 2-4
2025-12-14 17:56:18,188 INFO o.a.j.t.JMeterThread: Thread started: Users_100 2-5
2025-12-14 17:56:18,195 INFO o.a.j.t.JMeterThread: Thread is done: Users_100 2-5
2025-12-14 17:56:18,195 INFO o.a.j.t.JMeterThread: Thread finished: Users_100 2-5
2025-12-14 17:56:18,238 INFO o.a.j.t.JMeterThread: Thread started: Users_100 2-6
2025-12-14 17:56:18,253 INFO o.a.j.t.JMeterThread: Thread is done: Users_100 2-6
2025-12-14 17:56:18,253 INFO o.a.j.t.JMeterThread: Thread finished: Users_100 2-6
2025-12-14 17:56:18,292 INFO o.a.j.t.JMeterThread: Thread started: Users_100 2-7
2025-12-14 17:56:18,299 INFO o.a.j.t.JMeterThread: Thread is done: Users_100 2-7
2025-12-14 17:56:18,299 INFO o.a.j.t.JMeterThread: Thread finished: Users_100 2-7
2025-12-14 17:56:18,340 INFO o.a.j.t.JMeterThread: Thread started: Users_100 2-8
2025-12-14 17:56:18,348 INFO o.a.j.t.JMeterThread: Thread is done: Users_100 2-8
2025-12-14 17:56:18,349 INFO o.a.j.t.JMeterThread: Thread finished: Users_100 2-8
2025-12-14 17:56:18,393 INFO o.a.j.t.JMeterThread: Thread started: Users_100 2-9
2025-12-14 17:56:18,402 INFO o.a.j.t.JMeterThread: Thread is done: Users_100 2-9
2025-12-14 17:56:18,402 INFO o.a.j.t.JMeterThread: Thread finished: Users_100 2-9
2025-12-14 17:56:18,442 INFO o.a.j.t.JMeterThread: Thread started: Users_100 2-10
2025-12-14 17:56:18,451 INFO o.a.j.t.JMeterThread: Thread is done: Users_100 2-10
2025-12-14 17:56:18,452 INFO o.a.j.t.JMeterThread: Thread finished: Users_100 2-10
2025-12-14 17:56:18,492 INFO o.a.j.t.JMeterThread: Thread started: Users_100 2-11
2025-12-14 17:56:18,500 INFO o.a.j.t.JMeterThread: Thread is done: Users_100 2-11
2025-12-14 17:56:18,500 INFO o.a.j.t.JMeterThread: Thread finished: Users_100 2-11
2025-12-14 17:56:18,544 INFO o.a.j.t.JMeterThread: Thread started: Users_100 2-12
2025-12-14 17:56:18,552 INFO o.a.j.t.JMeterThread: Thread is done: Users_100 2-12
2025-12-14 17:56:18,553 INFO o.a.j.t.JMeterThread: Thread finished: Users_100 2-12
2025-12-14 17:56:18,595 INFO o.a.j.t.JMeterThread: Thread started: Users_100 2-13
2025-12-14 17:56:18,603 INFO o.a.j.t.JMeterThread: Thread is done: Users_100 2-13
2025-12-14 17:56:18,604 INFO o.a.j.t.JMeterThread: Thread finished: Users_100 2-13
2025-12-14 17:56:18,649 INFO o.a.j.t.JMeterThread: Thread started: Users_100 2-14
2025-12-14 17:56:18,670 INFO o.a.j.t.JMeterThread: Thread is done: Users_100 2-14
2025-12-14 17:56:18,670 INFO o.a.j.t.JMeterThread: Thread finished: Users_100 2-14
2025-12-14 17:56:18,698 INFO o.a.j.t.JMeterThread: Thread started: Users_100 2-15
2025-12-14 17:56:18,707 INFO o.a.j.t.JMeterThread: Thread is done: Users_100 2-15
2025-12-14 17:56:18,707 INFO o.a.j.t.JMeterThread: Thread finished: Users_100 2-15
2025-12-14 17:56:18,749 INFO o.a.j.t.JMeterThread: Thread started: Users_100 2-16
2025-12-14 17:56:18,758 INFO o.a.j.t.JMeterThread: Thread is done: Users_100 2-16
2025-12-14 17:56:18,758 INFO o.a.j.t.JMeterThread: Thread finished: Users_100 2-16
2025-12-14 17:56:18,799 INFO o.a.j.t.JMeterThread: Thread started: Users_100 2-17
2025-12-14 17:56:18,816 INFO o.a.j.t.JMeterThread: Thread is done: Users_100 2-17
2025-12-14 17:56:18,816 INFO o.a.j.t.JMeterThread: Thread finished: Users_100 2-17
2025-12-14 17:56:18,851 INFO o.a.j.t.JMeterThread: Thread started: Users_100 2-18
2025-12-14 17:56:18,861 INFO o.a.j.t.JMeterThread: Thread is done: Users_100 2-18
2025-12-14 17:56:18,861 INFO o.a.j.t.JMeterThread: Thread finished: Users_100 2-18
2025-12-14 17:56:18,902 INFO o.a.j.t.JMeterThread: Thread started: Users_100 2-19
2025-12-14 17:56:18,908 INFO o.a.j.t.JMeterThread: Thread is done: Users_100 2-19
2025-12-14 17:56:18,910 INFO o.a.j.t.JMeterThread: Thread finished: Users_100 2-19
2025-12-14 17:56:18,956 INFO o.a.j.t.JMeterThread: Thread started: Users_100 2-20
2025-12-14 17:56:18,966 INFO o.a.j.t.JMeterThread: Thread is done: Users_100 2-20
2025-12-14 17:56:18,966 INFO o.a.j.t.JMeterThread: Thread finished: Users_100 2-20
2025-12-14 17:56:19,006 INFO o.a.j.t.JMeterThread: Thread started: Users_100 2-21
2025-12-14 17:56:19,017 INFO o.a.j.t.JMeterThread: Thread is done: Users_100 2-21
2025-12-14 17:56:19,017 INFO o.a.j.t.JMeterThread: Thread finished: Users_100 2-21
2025-12-14 17:56:19,071 INFO o.a.j.t.JMeterThread: Thread started: Users_100 2-22
2025-12-14 17:56:19,113 INFO o.a.j.t.JMeterThread: Thread started: Users_100 2-23
2025-12-14 17:56:19,122 INFO o.a.j.t.JMeterThread: Thread is done: Users_100 2-22
2025-12-14 17:56:19,122 INFO o.a.j.t.JMeterThread: Thread finished: Users_100 2-22
2025-12-14 17:56:19,126 INFO o.a.j.t.JMeterThread: Thread is done: Users_100 2-23
2025-12-14 17:56:19,127 INFO o.a.j.t.JMeterThread: Thread finished: Users_100 2-23
2025-12-14 17:56:19,154 INFO o.a.j.t.JMeterThread: Thread started: Users_100 2-24
2025-12-14 17:56:19,162 INFO o.a.j.t.JMeterThread: Thread is done: Users_100 2-24
2025-12-14 17:56:19,162 INFO o.a.j.t.JMeterThread: Thread finished: Users_100 2-24
2025-12-14 17:56:19,237 INFO o.a.j.t.JMeterThread: Thread started: Users_100 2-25
2025-12-14 17:56:19,289 INFO o.a.j.t.JMeterThread: Thread started: Users_100 2-26
2025-12-14 17:56:19,296 INFO o.a.j.t.JMeterThread: Thread is done: Users_100 2-25
2025-12-14 17:56:19,297 INFO o.a.j.t.JMeterThread: Thread finished: Users_100 2-25
2025-12-14 17:56:19,297 INFO o.a.j.t.JMeterThread: Thread is done: Users_100 2-26
2025-12-14 17:56:19,297 INFO o.a.j.t.JMeterThread: Thread finished: Users_100 2-26
2025-12-14 17:56:19,305 INFO o.a.j.t.JMeterThread: Thread started: Users_100 2-27
2025-12-14 17:56:19,314 INFO o.a.j.t.JMeterThread: Thread is done: Users_100 2-27
2025-12-14 17:56:19,315 INFO o.a.j.t.JMeterThread: Thread finished: Users_100 2-27
2025-12-14 17:56:19,356 INFO o.a.j.t.JMeterThread: Thread started: Users_100 2-28
2025-12-14 17:56:19,364 INFO o.a.j.t.JMeterThread: Thread is done: Users_100 2-28
2025-12-14 17:56:19,364 INFO o.a.j.t.JMeterThread: Thread finished: Users_100 2-28
2025-12-14 17:56:19,405 INFO o.a.j.t.JMeterThread: Thread started: Users_100 2-29
2025-12-14 17:56:19,413 INFO o.a.j.t.JMeterThread: Thread is done: Users_100 2-29
2025-12-14 17:56:19,413 INFO o.a.j.t.JMeterThread: Thread finished: Users_100 2-29
2025-12-14 17:56:19,457 INFO o.a.j.t.JMeterThread: Thread started: Users_100 2-30
2025-12-14 17:56:19,463 INFO o.a.j.t.JMeterThread: Thread is done: Users_100 2-30
2025-12-14 17:56:19,464 INFO o.a.j.t.JMeterThread: Thread finished: Users_100 2-30
2025-12-14 17:56:19,505 INFO o.a.j.t.JMeterThread: Thread started: Users_100 2-31
2025-12-14 17:56:19,513 INFO o.a.j.t.JMeterThread: Thread is done: Users_100 2-31
2025-12-14 17:56:19,513 INFO o.a.j.t.JMeterThread: Thread finished: Users_100 2-31
2025-12-14 17:56:19,555 INFO o.a.j.t.JMeterThread: Thread started: Users_100 2-32
2025-12-14 17:56:19,563 INFO o.a.j.t.JMeterThread: Thread is done: Users_100 2-32
2025-12-14 17:56:19,564 INFO o.a.j.t.JMeterThread: Thread finished: Users_100 2-32
2025-12-14 17:56:19,604 INFO o.a.j.t.JMeterThread: Thread started: Users_100 2-33
2025-12-14 17:56:19,611 INFO o.a.j.t.JMeterThread: Thread is done: Users_100 2-33
2025-12-14 17:56:19,613 INFO o.a.j.t.JMeterThread: Thread finished: Users_100 2-33
2025-12-14 17:56:19,655 INFO o.a.j.t.JMeterThread: Thread started: Users_100 2-34
2025-12-14 17:56:19,667 INFO o.a.j.t.JMeterThread: Thread is done: Users_100 2-34
2025-12-14 17:56:19,668 INFO o.a.j.t.JMeterThread: Thread finished: Users_100 2-34
2025-12-14 17:56:19,705 INFO o.a.j.t.JMeterThread: Thread started: Users_100 2-35
2025-12-14 17:56:19,712 INFO o.a.j.t.JMeterThread: Thread is done: Users_100 2-35
2025-12-14 17:56:19,712 INFO o.a.j.t.JMeterThread: Thread finished: Users_100 2-35
2025-12-14 17:56:19,754 INFO o.a.j.t.JMeterThread: Thread started: Users_100 2-36
2025-12-14 17:56:19,771 INFO o.a.j.t.JMeterThread: Thread is done: Users_100 2-36
2025-12-14 17:56:19,771 INFO o.a.j.t.JMeterThread: Thread finished: Users_100 2-36
2025-12-14 17:56:19,803 INFO o.a.j.t.JMeterThread: Thread started: Users_100 2-37
2025-12-14 17:56:19,814 INFO o.a.j.t.JMeterThread: Thread is done: Users_100 2-37
2025-12-14 17:56:19,814 INFO o.a.j.t.JMeterThread: Thread finished: Users_100 2-37
2025-12-14 17:56:19,865 INFO o.a.j.t.JMeterThread: Thread started: Users_100 2-38
2025-12-14 17:56:19,886 INFO o.a.j.t.JMeterThread: Thread is done: Users_100 2-38
2025-12-14 17:56:19,887 INFO o.a.j.t.JMeterThread: Thread finished: Users_100 2-38
2025-12-14 17:56:19,910 INFO o.a.j.t.JMeterThread: Thread started: Users_100 2-39
2025-12-14 17:56:19,918 INFO o.a.j.t.JMeterThread: Thread is done: Users_100 2-39
2025-12-14 17:56:19,919 INFO o.a.j.t.JMeterThread: Thread finished: Users_100 2-39
2025-12-14 17:56:19,957 INFO o.a.j.t.JMeterThread: Thread started: Users_100 2-40
2025-12-14 17:56:19,966 INFO o.a.j.t.JMeterThread: Thread is done: Users_100 2-40
2025-12-14 17:56:19,966 INFO o.a.j.t.JMeterThread: Thread finished: Users_100 2-40
2025-12-14 17:56:20,007 INFO o.a.j.t.JMeterThread: Thread started: Users_100 2-41
2025-12-14 17:56:20,016 INFO o.a.j.t.JMeterThread: Thread is done: Users_100 2-41
2025-12-14 17:56:20,016 INFO o.a.j.t.JMeterThread: Thread finished: Users_100 2-41
2025-12-14 17:56:20,056 INFO o.a.j.t.JMeterThread: Thread started: Users_100 2-42
2025-12-14 17:56:20,064 INFO o.a.j.t.JMeterThread: Thread is done: Users_100 2-42
2025-12-14 17:56:20,064 INFO o.a.j.t.JMeterThread: Thread finished: Users_100 2-42
2025-12-14 17:56:20,105 INFO o.a.j.t.JMeterThread: Thread started: Users_100 2-43
2025-12-14 17:56:20,113 INFO o.a.j.t.JMeterThread: Thread is done: Users_100 2-43
2025-12-14 17:56:20,113 INFO o.a.j.t.JMeterThread: Thread finished: Users_100 2-43
2025-12-14 17:56:20,156 INFO o.a.j.t.JMeterThread: Thread started: Users_100 2-44
2025-12-14 17:56:20,169 INFO o.a.j.t.JMeterThread: Thread is done: Users_100 2-44
2025-12-14 17:56:20,169 INFO o.a.j.t.JMeterThread: Thread finished: Users_100 2-44
2025-12-14 17:56:20,204 INFO o.a.j.t.JMeterThread: Thread started: Users_100 2-45
2025-12-14 17:56:20,212 INFO o.a.j.t.JMeterThread: Thread is done: Users_100 2-45
2025-12-14 17:56:20,212 INFO o.a.j.t.JMeterThread: Thread finished: Users_100 2-45
2025-12-14 17:56:20,254 INFO o.a.j.t.JMeterThread: Thread started: Users_100 2-46
2025-12-14 17:56:20,263 INFO o.a.j.t.JMeterThread: Thread is done: Users_100 2-46
2025-12-14 17:56:20,263 INFO o.a.j.t.JMeterThread: Thread finished: Users_100 2-46
2025-12-14 17:56:20,304 INFO o.a.j.t.JMeterThread: Thread started: Users_100 2-47
2025-12-14 17:56:20,321 INFO o.a.j.t.JMeterThread: Thread is done: Users_100 2-47
2025-12-14 17:56:20,322 INFO o.a.j.t.JMeterThread: Thread finished: Users_100 2-47
2025-12-14 17:56:20,353 INFO o.a.j.t.JMeterThread: Thread started: Users_100 2-48
2025-12-14 17:56:20,363 INFO o.a.j.t.JMeterThread: Thread is done: Users_100 2-48
2025-12-14 17:56:20,363 INFO o.a.j.t.JMeterThread: Thread finished: Users_100 2-48
2025-12-14 17:56:20,402 INFO o.a.j.t.JMeterThread: Thread started: Users_100 2-49
2025-12-14 17:56:20,412 INFO o.a.j.t.JMeterThread: Thread is done: Users_100 2-49
2025-12-14 17:56:20,412 INFO o.a.j.t.JMeterThread: Thread finished: Users_100 2-49
2025-12-14 17:56:20,451 INFO o.a.j.t.JMeterThread: Thread started: Users_100 2-50
2025-12-14 17:56:20,463 INFO o.a.j.t.JMeterThread: Thread is done: Users_100 2-50
2025-12-14 17:56:20,463 INFO o.a.j.t.JMeterThread: Thread finished: Users_100 2-50
2025-12-14 17:56:20,501 INFO o.a.j.t.JMeterThread: Thread started: Users_100 2-51
2025-12-14 17:56:20,511 INFO o.a.j.t.JMeterThread: Thread is done: Users_100 2-51
2025-12-14 17:56:20,512 INFO o.a.j.t.JMeterThread: Thread finished: Users_100 2-51
2025-12-14 17:56:20,550 INFO o.a.j.t.JMeterThread: Thread started: Users_100 2-52
2025-12-14 17:56:20,560 INFO o.a.j.t.JMeterThread: Thread is done: Users_100 2-52
2025-12-14 17:56:20,560 INFO o.a.j.t.JMeterThread: Thread finished: Users_100 2-52
2025-12-14 17:56:20,598 INFO o.a.j.t.JMeterThread: Thread started: Users_100 2-53
2025-12-14 17:56:20,609 INFO o.a.j.t.JMeterThread: Thread is done: Users_100 2-53
2025-12-14 17:56:20,609 INFO o.a.j.t.JMeterThread: Thread finished: Users_100 2-53
2025-12-14 17:56:20,649 INFO o.a.j.t.JMeterThread: Thread started: Users_100 2-54
2025-12-14 17:56:20,657 INFO o.a.j.t.JMeterThread: Thread is done: Users_100 2-54
2025-12-14 17:56:20,657 INFO o.a.j.t.JMeterThread: Thread finished: Users_100 2-54
2025-12-14 17:56:20,696 INFO o.a.j.t.JMeterThread: Thread started: Users_100 2-55
2025-12-14 17:56:20,704 INFO o.a.j.t.JMeterThread: Thread is done: Users_100 2-55
2025-12-14 17:56:20,704 INFO o.a.j.t.JMeterThread: Thread finished: Users_100 2-55
2025-12-14 17:56:20,746 INFO o.a.j.t.JMeterThread: Thread started: Users_100 2-56
2025-12-14 17:56:20,754 INFO o.a.j.t.JMeterThread: Thread is done: Users_100 2-56
2025-12-14 17:56:20,754 INFO o.a.j.t.JMeterThread: Thread finished: Users_100 2-56
2025-12-14 17:56:20,796 INFO o.a.j.t.JMeterThread: Thread started: Users_100 2-57
2025-12-14 17:56:20,808 INFO o.a.j.t.JMeterThread: Thread is done: Users_100 2-57
2025-12-14 17:56:20,808 INFO o.a.j.t.JMeterThread: Thread finished: Users_100 2-57
2025-12-14 17:56:20,846 INFO o.a.j.t.JMeterThread: Thread started: Users_100 2-58
2025-12-14 17:56:20,861 INFO o.a.j.t.JMeterThread: Thread is done: Users_100 2-58
2025-12-14 17:56:20,861 INFO o.a.j.t.JMeterThread: Thread finished: Users_100 2-58
2025-12-14 17:56:20,896 INFO o.a.j.t.JMeterThread: Thread started: Users_100 2-59
2025-12-14 17:56:20,904 INFO o.a.j.t.JMeterThread: Thread is done: Users_100 2-59
2025-12-14 17:56:20,904 INFO o.a.j.t.JMeterThread: Thread finished: Users_100 2-59
2025-12-14 17:56:20,943 INFO o.a.j.t.JMeterThread: Thread started: Users_100 2-60
2025-12-14 17:56:20,951 INFO o.a.j.t.JMeterThread: Thread is done: Users_100 2-60
2025-12-14 17:56:20,951 INFO o.a.j.t.JMeterThread: Thread finished: Users_100 2-60
2025-12-14 17:56:20,993 INFO o.a.j.t.JMeterThread: Thread started: Users_100 2-61
2025-12-14 17:56:21,000 INFO o.a.j.t.JMeterThread: Thread is done: Users_100 2-61
2025-12-14 17:56:21,000 INFO o.a.j.t.JMeterThread: Thread finished: Users_100 2-61
2025-12-14 17:56:21,043 INFO o.a.j.t.JMeterThread: Thread started: Users_100 2-62
2025-12-14 17:56:21,053 INFO o.a.j.t.JMeterThread: Thread is done: Users_100 2-62
2025-12-14 17:56:21,054 INFO o.a.j.t.JMeterThread: Thread finished: Users_100 2-62
2025-12-14 17:56:21,095 INFO o.a.j.t.JMeterThread: Thread started: Users_100 2-63
2025-12-14 17:56:21,142 INFO o.a.j.t.JMeterThread: Thread is done: Users_100 2-63
2025-12-14 17:56:21,142 INFO o.a.j.t.JMeterThread: Thread finished: Users_100 2-63
2025-12-14 17:56:21,150 INFO o.a.j.t.JMeterThread: Thread started: Users_100 2-64
2025-12-14 17:56:21,158 INFO o.a.j.t.JMeterThread: Thread is done: Users_100 2-64
2025-12-14 17:56:21,158 INFO o.a.j.t.JMeterThread: Thread finished: Users_100 2-64
2025-12-14 17:56:21,191 INFO o.a.j.t.JMeterThread: Thread started: Users_100 2-65
2025-12-14 17:56:21,199 INFO o.a.j.t.JMeterThread: Thread is done: Users_100 2-65
2025-12-14 17:56:21,199 INFO o.a.j.t.JMeterThread: Thread finished: Users_100 2-65
2025-12-14 17:56:21,241 INFO o.a.j.t.JMeterThread: Thread started: Users_100 2-66
2025-12-14 17:56:21,249 INFO o.a.j.t.JMeterThread: Thread is done: Users_100 2-66
2025-12-14 17:56:21,249 INFO o.a.j.t.JMeterThread: Thread finished: Users_100 2-66
2025-12-14 17:56:21,297 INFO o.a.j.t.JMeterThread: Thread started: Users_100 2-67
2025-12-14 17:56:21,304 INFO o.a.j.t.JMeterThread: Thread is done: Users_100 2-67
2025-12-14 17:56:21,304 INFO o.a.j.t.JMeterThread: Thread finished: Users_100 2-67
2025-12-14 17:56:21,387 INFO o.a.j.t.JMeterThread: Thread started: Users_100 2-68
2025-12-14 17:56:21,396 INFO o.a.j.t.JMeterThread: Thread is done: Users_100 2-68
2025-12-14 17:56:21,396 INFO o.a.j.t.JMeterThread: Thread finished: Users_100 2-68
2025-12-14 17:56:21,398 INFO o.a.j.t.JMeterThread: Thread started: Users_100 2-69
2025-12-14 17:56:21,406 INFO o.a.j.t.JMeterThread: Thread is done: Users_100 2-69
2025-12-14 17:56:21,406 INFO o.a.j.t.JMeterThread: Thread finished: Users_100 2-69
2025-12-14 17:56:21,457 INFO o.a.j.t.JMeterThread: Thread started: Users_100 2-70
2025-12-14 17:56:21,466 INFO o.a.j.t.JMeterThread: Thread is done: Users_100 2-70
2025-12-14 17:56:21,466 INFO o.a.j.t.JMeterThread: Thread finished: Users_100 2-70
2025-12-14 17:56:21,495 INFO o.a.j.t.JMeterThread: Thread started: Users_100 2-71
2025-12-14 17:56:21,503 INFO o.a.j.t.JMeterThread: Thread is done: Users_100 2-71
2025-12-14 17:56:21,503 INFO o.a.j.t.JMeterThread: Thread finished: Users_100 2-71
2025-12-14 17:56:21,547 INFO o.a.j.t.JMeterThread: Thread started: Users_100 2-72
2025-12-14 17:56:21,554 INFO o.a.j.t.JMeterThread: Thread is done: Users_100 2-72
2025-12-14 17:56:21,554 INFO o.a.j.t.JMeterThread: Thread finished: Users_100 2-72
2025-12-14 17:56:21,595 INFO o.a.j.t.JMeterThread: Thread started: Users_100 2-73
2025-12-14 17:56:21,601 INFO o.a.j.t.JMeterThread: Thread is done: Users_100 2-73
2025-12-14 17:56:21,601 INFO o.a.j.t.JMeterThread: Thread finished: Users_100 2-73
2025-12-14 17:56:21,645 INFO o.a.j.t.JMeterThread: Thread started: Users_100 2-74
2025-12-14 17:56:21,652 INFO o.a.j.t.JMeterThread: Thread is done: Users_100 2-74
2025-12-14 17:56:21,652 INFO o.a.j.t.JMeterThread: Thread finished: Users_100 2-74
2025-12-14 17:56:21,694 INFO o.a.j.t.JMeterThread: Thread started: Users_100 2-75
2025-12-14 17:56:21,701 INFO o.a.j.t.JMeterThread: Thread is done: Users_100 2-75
2025-12-14 17:56:21,701 INFO o.a.j.t.JMeterThread: Thread finished: Users_100 2-75
2025-12-14 17:56:21,745 INFO o.a.j.t.JMeterThread: Thread started: Users_100 2-76
2025-12-14 17:56:21,754 INFO o.a.j.t.JMeterThread: Thread is done: Users_100 2-76
2025-12-14 17:56:21,754 INFO o.a.j.t.JMeterThread: Thread finished: Users_100 2-76
2025-12-14 17:56:21,795 INFO o.a.j.t.JMeterThread: Thread started: Users_100 2-77
2025-12-14 17:56:21,801 INFO o.a.j.t.JMeterThread: Thread is done: Users_100 2-77
2025-12-14 17:56:21,803 INFO o.a.j.t.JMeterThread: Thread finished: Users_100 2-77
2025-12-14 17:56:21,844 INFO o.a.j.t.JMeterThread: Thread started: Users_100 2-78
2025-12-14 17:56:21,852 INFO o.a.j.t.JMeterThread: Thread is done: Users_100 2-78
2025-12-14 17:56:21,852 INFO o.a.j.t.JMeterThread: Thread finished: Users_100 2-78
2025-12-14 17:56:21,894 INFO o.a.j.t.JMeterThread: Thread started: Users_100 2-79
2025-12-14 17:56:21,901 INFO o.a.j.t.JMeterThread: Thread is done: Users_100 2-79
2025-12-14 17:56:21,902 INFO o.a.j.t.JMeterThread: Thread finished: Users_100 2-79
2025-12-14 17:56:21,945 INFO o.a.j.t.JMeterThread: Thread started: Users_100 2-80
2025-12-14 17:56:21,952 INFO o.a.j.t.JMeterThread: Thread is done: Users_100 2-80
2025-12-14 17:56:21,953 INFO o.a.j.t.JMeterThread: Thread finished: Users_100 2-80
2025-12-14 17:56:21,995 INFO o.a.j.t.JMeterThread: Thread started: Users_100 2-81
2025-12-14 17:56:22,003 INFO o.a.j.t.JMeterThread: Thread is done: Users_100 2-81
2025-12-14 17:56:22,003 INFO o.a.j.t.JMeterThread: Thread finished: Users_100 2-81
2025-12-14 17:56:22,046 INFO o.a.j.t.JMeterThread: Thread started: Users_100 2-82
2025-12-14 17:56:22,053 INFO o.a.j.t.JMeterThread: Thread is done: Users_100 2-82
2025-12-14 17:56:22,053 INFO o.a.j.t.JMeterThread: Thread finished: Users_100 2-82
2025-12-14 17:56:22,095 INFO o.a.j.t.JMeterThread: Thread started: Users_100 2-83
2025-12-14 17:56:22,101 INFO o.a.j.t.JMeterThread: Thread is done: Users_100 2-83
2025-12-14 17:56:22,101 INFO o.a.j.t.JMeterThread: Thread finished: Users_100 2-83
2025-12-14 17:56:22,144 INFO o.a.j.t.JMeterThread: Thread started: Users_100 2-84
2025-12-14 17:56:22,150 INFO o.a.j.t.JMeterThread: Thread is done: Users_100 2-84
2025-12-14 17:56:22,151 INFO o.a.j.t.JMeterThread: Thread finished: Users_100 2-84
2025-12-14 17:56:22,195 INFO o.a.j.t.JMeterThread: Thread started: Users_100 2-85
2025-12-14 17:56:22,202 INFO o.a.j.t.JMeterThread: Thread is done: Users_100 2-85
2025-12-14 17:56:22,202 INFO o.a.j.t.JMeterThread: Thread finished: Users_100 2-85
2025-12-14 17:56:22,244 INFO o.a.j.t.JMeterThread: Thread started: Users_100 2-86
2025-12-14 17:56:22,251 INFO o.a.j.t.JMeterThread: Thread is done: Users_100 2-86
2025-12-14 17:56:22,251 INFO o.a.j.t.JMeterThread: Thread finished: Users_100 2-86
2025-12-14 17:56:22,295 INFO o.a.j.t.JMeterThread: Thread started: Users_100 2-87
2025-12-14 17:56:22,301 INFO o.a.j.t.JMeterThread: Thread is done: Users_100 2-87
2025-12-14 17:56:22,302 INFO o.a.j.t.JMeterThread: Thread finished: Users_100 2-87
2025-12-14 17:56:22,344 INFO o.a.j.t.JMeterThread: Thread started: Users_100 2-88
2025-12-14 17:56:22,352 INFO o.a.j.t.JMeterThread: Thread is done: Users_100 2-88
2025-12-14 17:56:22,352 INFO o.a.j.t.JMeterThread: Thread finished: Users_100 2-88
2025-12-14 17:56:22,395 INFO o.a.j.t.JMeterThread: Thread started: Users_100 2-89
2025-12-14 17:56:22,402 INFO o.a.j.t.JMeterThread: Thread is done: Users_100 2-89
2025-12-14 17:56:22,402 INFO o.a.j.t.JMeterThread: Thread finished: Users_100 2-89
2025-12-14 17:56:22,445 INFO o.a.j.t.JMeterThread: Thread started: Users_100 2-90
2025-12-14 17:56:22,452 INFO o.a.j.t.JMeterThread: Thread is done: Users_100 2-90
2025-12-14 17:56:22,452 INFO o.a.j.t.JMeterThread: Thread finished: Users_100 2-90
2025-12-14 17:56:22,478 INFO o.a.j.t.JMeterThread: Thread started: Users_100 2-91
2025-12-14 17:56:22,485 INFO o.a.j.t.JMeterThread: Thread is done: Users_100 2-91
2025-12-14 17:56:22,485 INFO o.a.j.t.JMeterThread: Thread finished: Users_100 2-91
2025-12-14 17:56:22,541 INFO o.a.j.t.JMeterThread: Thread started: Users_100 2-92
2025-12-14 17:56:22,549 INFO o.a.j.t.JMeterThread: Thread is done: Users_100 2-92
2025-12-14 17:56:22,549 INFO o.a.j.t.JMeterThread: Thread finished: Users_100 2-92
2025-12-14 17:56:22,593 INFO o.a.j.t.JMeterThread: Thread started: Users_100 2-93
2025-12-14 17:56:22,605 INFO o.a.j.t.JMeterThread: Thread is done: Users_100 2-93
2025-12-14 17:56:22,605 INFO o.a.j.t.JMeterThread: Thread finished: Users_100 2-93
2025-12-14 17:56:22,642 INFO o.a.j.t.JMeterThread: Thread started: Users_100 2-94
2025-12-14 17:56:22,649 INFO o.a.j.t.JMeterThread: Thread is done: Users_100 2-94
2025-12-14 17:56:22,649 INFO o.a.j.t.JMeterThread: Thread finished: Users_100 2-94
2025-12-14 17:56:22,691 INFO o.a.j.t.JMeterThread: Thread started: Users_100 2-95
2025-12-14 17:56:22,697 INFO o.a.j.t.JMeterThread: Thread is done: Users_100 2-95
2025-12-14 17:56:22,698 INFO o.a.j.t.JMeterThread: Thread finished: Users_100 2-95
2025-12-14 17:56:22,742 INFO o.a.j.t.JMeterThread: Thread started: Users_100 2-96
2025-12-14 17:56:22,749 INFO o.a.j.t.JMeterThread: Thread is done: Users_100 2-96
2025-12-14 17:56:22,749 INFO o.a.j.t.JMeterThread: Thread finished: Users_100 2-96
2025-12-14 17:56:22,791 INFO o.a.j.t.JMeterThread: Thread started: Users_100 2-97
2025-12-14 17:56:22,799 INFO o.a.j.t.JMeterThread: Thread is done: Users_100 2-97
2025-12-14 17:56:22,799 INFO o.a.j.t.JMeterThread: Thread finished: Users_100 2-97
2025-12-14 17:56:22,841 INFO o.a.j.t.JMeterThread: Thread started: Users_100 2-98
2025-12-14 17:56:22,847 INFO o.a.j.t.JMeterThread: Thread is done: Users_100 2-98
2025-12-14 17:56:22,848 INFO o.a.j.t.JMeterThread: Thread finished: Users_100 2-98
2025-12-14 17:56:22,890 INFO o.a.j.t.JMeterThread: Thread started: Users_100 2-99
2025-12-14 17:56:22,897 INFO o.a.j.t.JMeterThread: Thread is done: Users_100 2-99
2025-12-14 17:56:22,897 INFO o.a.j.t.JMeterThread: Thread finished: Users_100 2-99
2025-12-14 17:56:22,940 INFO o.a.j.t.JMeterThread: Thread started: Users_100 2-100
2025-12-14 17:56:22,946 INFO o.a.j.t.JMeterThread: Thread is done: Users_100 2-100
2025-12-14 17:56:22,947 INFO o.a.j.t.JMeterThread: Thread finished: Users_100 2-100
2025-12-14 17:56:22,947 INFO o.a.j.e.StandardJMeterEngine: Notifying test listeners of end of test
2025-12-14 17:56:22,950 INFO o.a.j.r.Summariser: summary =    120 in 00:00:06 =   20.1/s Avg:     7 Min:     2 Max:    68 Err:     0 (0.00%)
2025-12-14 17:56:22,954 INFO o.a.j.JMeter: Generating Dashboard
2025-12-14 17:56:22,954 INFO o.a.j.r.d.ReportGenerator: Flushing result collector before report Generation
2025-12-14 17:56:23,011 INFO o.a.j.r.p.NormalizerSampleConsumer: Using format, 'ms', to parse timeStamp field
2025-12-14 17:56:23,828 INFO o.a.j.r.p.AbstractSampleConsumer: class org.apache.jmeter.report.processor.AggregateConsumer#stopProducing(): beginDate produced 0 samples
2025-12-14 17:56:23,829 INFO o.a.j.r.p.AbstractSampleConsumer: class org.apache.jmeter.report.processor.AggregateConsumer#stopProducing(): endDate produced 0 samples
2025-12-14 17:56:23,832 INFO o.a.j.r.p.AbstractSampleConsumer: class org.apache.jmeter.report.processor.ApdexSummaryConsumer#stopProducing(): apdexSummary produced 0 samples
2025-12-14 17:56:23,833 INFO o.a.j.r.p.AbstractSampleConsumer: class org.apache.jmeter.report.processor.RequestsSummaryConsumer#stopProducing(): requestsSummary produced 0 samples
2025-12-14 17:56:23,841 INFO o.a.j.r.p.AbstractSampleConsumer: class org.apache.jmeter.report.processor.StatisticsSummaryConsumer#stopProducing(): statisticsSummary produced 0 samples
2025-12-14 17:56:23,860 INFO o.a.j.r.p.AbstractSampleConsumer: class org.apache.jmeter.report.processor.Top5ErrorsBySamplerConsumer#stopProducing(): top5ErrorsBySampler produced 0 samples
2025-12-14 17:56:23,860 INFO o.a.j.r.p.AbstractSampleConsumer: class org.apache.jmeter.report.processor.ErrorsSummaryConsumer#stopProducing(): errorsSummary produced 0 samples
2025-12-14 17:56:23,860 INFO o.a.j.r.p.AbstractSampleConsumer: class org.apache.jmeter.report.processor.graph.impl.HitsPerSecondGraphConsumer#stopProducing(): hitsPerSecond produced 0 samples
2025-12-14 17:56:23,893 INFO o.a.j.r.p.AbstractSampleConsumer: class org.apache.jmeter.report.processor.graph.impl.LatencyVSRequestGraphConsumer#stopProducing(): latencyVsRequest produced 0 samples
2025-12-14 17:56:23,894 INFO o.a.j.r.p.AbstractSampleConsumer: class org.apache.jmeter.report.processor.graph.impl.SyntheticResponseTimeDistributionGraphConsumer#stopProducing(): syntheticResponseTimeDistribution produced 0 samples
2025-12-14 17:56:23,894 INFO o.a.j.r.p.AbstractSampleConsumer: class org.apache.jmeter.report.processor.graph.impl.BytesThroughputGraphConsumer#stopProducing(): bytesThroughputOverTime produced 0 samples
2025-12-14 17:56:23,895 INFO o.a.j.r.p.AbstractSampleConsumer: class org.apache.jmeter.report.processor.graph.impl.CodesPerSecondGraphConsumer#stopProducing(): codesPerSecond produced 0 samples
2025-12-14 17:56:23,902 INFO o.a.j.r.p.AbstractSampleConsumer: class org.apache.jmeter.report.processor.graph.impl.ResponseTimeVSRequestGraphConsumer#stopProducing(): responseTimeVsRequest produced 0 samples
2025-12-14 17:56:23,902 INFO o.a.j.r.p.AbstractSampleConsumer: class org.apache.jmeter.report.processor.FilterConsumer#stopProducing(): startIntervalControlerFilter produced 840 samples
2025-12-14 17:56:23,902 INFO o.a.j.r.p.AbstractSampleConsumer: class org.apache.jmeter.report.processor.graph.impl.TotalTPSGraphConsumer#stopProducing(): totalTPS produced 0 samples
2025-12-14 17:56:23,903 INFO o.a.j.r.p.AbstractSampleConsumer: class org.apache.jmeter.report.processor.graph.impl.ActiveThreadsGraphConsumer#stopProducing(): activeThreadsOverTime produced 0 samples
2025-12-14 17:56:23,903 INFO o.a.j.r.p.AbstractSampleConsumer: class org.apache.jmeter.report.processor.graph.impl.TimeVSThreadGraphConsumer#stopProducing(): timeVsThreads produced 0 samples
2025-12-14 17:56:23,903 INFO o.a.j.r.p.AbstractSampleConsumer: class org.apache.jmeter.report.processor.graph.impl.ResponseTimeDistributionGraphConsumer#stopProducing(): responseTimeDistribution produced 0 samples
2025-12-14 17:56:23,903 INFO o.a.j.r.p.AbstractSampleConsumer: class org.apache.jmeter.report.processor.graph.impl.TransactionsPerSecondGraphConsumer#stopProducing(): transactionsPerSecond produced 0 samples
2025-12-14 17:56:23,904 INFO o.a.j.r.p.AbstractSampleConsumer: class org.apache.jmeter.report.processor.graph.impl.ResponseTimePercentilesGraphConsumer#stopProducing(): responseTimePercentiles produced 0 samples
2025-12-14 17:56:23,906 INFO o.a.j.r.p.AbstractSampleConsumer: class org.apache.jmeter.report.processor.graph.impl.ResponseTimePercentilesOverTimeGraphConsumer#stopProducing(): responseTimePercentilesOverTime produced 0 samples
2025-12-14 17:56:23,906 INFO o.a.j.r.p.AbstractSampleConsumer: class org.apache.jmeter.report.processor.graph.impl.ResponseTimeOverTimeGraphConsumer#stopProducing(): responseTimesOverTime produced 0 samples
2025-12-14 17:56:23,906 INFO o.a.j.r.p.AbstractSampleConsumer: class org.apache.jmeter.report.processor.graph.impl.ConnectTimeOverTimeGraphConsumer#stopProducing(): connectTimeOverTime produced 0 samples
2025-12-14 17:56:23,906 INFO o.a.j.r.p.AbstractSampleConsumer: class org.apache.jmeter.report.processor.graph.impl.LatencyOverTimeGraphConsumer#stopProducing(): latenciesOverTime produced 0 samples
2025-12-14 17:56:23,906 INFO o.a.j.r.p.AbstractSampleConsumer: class org.apache.jmeter.report.processor.FilterConsumer#stopProducing(): nameFilter produced 1800 samples
2025-12-14 17:56:23,907 INFO o.a.j.r.p.AbstractSampleConsumer: class org.apache.jmeter.report.processor.FilterConsumer#stopProducing(): dateRangeFilter produced 360 samples
2025-12-14 17:56:23,907 INFO o.a.j.r.p.AbstractSampleConsumer: class org.apache.jmeter.report.processor.NormalizerSampleConsumer#stopProducing(): normalizer produced 120 samples
2025-12-14 17:56:23,908 INFO o.a.j.r.p.CsvFileSampleSource: produce(): 120 samples produced in 822ms on channel 0
2025-12-14 17:56:23,908 INFO o.a.j.r.d.ReportGenerator: Exporting data using exporter:'json' of className:'org.apache.jmeter.report.dashboard.JsonExporter'
2025-12-14 17:56:24,069 INFO o.a.j.r.d.JsonExporter: Found data for consumer statisticsSummary in context
2025-12-14 17:56:24,069 INFO o.a.j.r.d.JsonExporter: Creating statistics for overall
2025-12-14 17:56:24,070 INFO o.a.j.r.d.JsonExporter: Creating statistics for other transactions
2025-12-14 17:56:24,071 INFO o.a.j.r.d.JsonExporter: Checking output folder
2025-12-14 17:56:24,073 INFO o.a.j.r.d.JsonExporter: Writing statistics JSON to C:\Users\Max\Pumaproject\.\report\statistics.json
2025-12-14 17:56:24,187 INFO o.a.j.r.d.ReportGenerator: Exporting data using exporter:'html' of className:'org.apache.jmeter.report.dashboard.HtmlTemplateExporter'
2025-12-14 17:56:24,194 INFO o.a.j.r.d.HtmlTemplateExporter: Will generate dashboard in folder: C:\Users\Max\Pumaproject\.\report
2025-12-14 17:56:24,391 INFO o.a.j.r.d.HtmlTemplateExporter: Report will be generated in: C:\Users\Max\Pumaproject\.\report, creating folder structure
2025-12-14 17:56:24,399 INFO o.a.j.r.d.TemplateVisitor: Copying folder from 'C:\apache-jmeter-5.6.3\apache-jmeter-5.6.3\bin\report-template' to 'C:\Users\Max\Pumaproject\.\report', got message: C:\Users\Max\Pumaproject\.\report, found non empty folder with following content [C:\Users\Max\Pumaproject\.\report\statistics.json], will be ignored
2025-12-14 17:56:24,963 INFO o.a.j.JMeter: Dashboard generated
